<?xml version="1.0" encoding="UTF-8"?>
<!-- Generated by org.testng.reporters.JUnitReportReporter -->
<testsuite skipped="0" hostname="Chetuiwk255" name="com.qa.TestNG.com.qa.TestNG.DownloadFile" tests="1" failures="0" timestamp="28 Feb 2019 12:56:20 GMT" time="12.888" errors="0">
  <testcase name="download" time="12.888" classname="com.qa.TestNG.com.qa.TestNG.DownloadFile"/>
</testsuite> <!-- com.qa.TestNG.com.qa.TestNG.DownloadFile -->
