<?xml version="1.0" encoding="UTF-8"?>
<!-- Generated by org.testng.reporters.JUnitReportReporter -->
<testsuite skipped="0" hostname="Chetuiwk255" name="com.qa.TestNG.com.qa.TestNG.ExpectedExceptions" tests="1" failures="0" timestamp="18 Feb 2019 12:00:52 GMT" time="0.040" errors="0">
  <testcase name="testecpectedexception" time="0.040" classname="com.qa.TestNG.com.qa.TestNG.ExpectedExceptions"/>
</testsuite> <!-- com.qa.TestNG.com.qa.TestNG.ExpectedExceptions -->
