<?xml version="1.0" encoding="UTF-8"?>
<!-- Generated by org.testng.reporters.JUnitReportReporter -->
<testsuite skipped="0" hostname="Chetuiwk255" name="com.qa.TestNG.com.qa.TestNG.PDFReaderTest" tests="1" failures="0" timestamp="01 Mar 2019 12:29:02 GMT" time="8.853" errors="0">
  <testcase name="readPDFTest" time="8.853" classname="com.qa.TestNG.com.qa.TestNG.PDFReaderTest"/>
</testsuite> <!-- com.qa.TestNG.com.qa.TestNG.PDFReaderTest -->
