<?xml version="1.0" encoding="UTF-8"?>
<!-- Generated by org.testng.reporters.JUnitReportReporter -->
<testsuite skipped="0" hostname="Chetuiwk255" name="com.qa.TestNG.com.qa.TestNG.CasesTest" tests="1" failures="0" timestamp="11 Mar 2019 14:26:05 GMT" time="25.667" errors="0">
  <testcase name="clickCasesTest" time="25.667" classname="com.qa.TestNG.com.qa.TestNG.CasesTest"/>
</testsuite> <!-- com.qa.TestNG.com.qa.TestNG.CasesTest -->
