<?xml version="1.0" encoding="UTF-8"?>
<!-- Generated by org.testng.reporters.JUnitReportReporter -->
<testsuite skipped="0" hostname="Chetuiwk255" name="com.qa.TestNG.com.qa.TestNG.DynamicWebTableHandling" tests="1" failures="0" timestamp="26 Feb 2019 11:25:58 GMT" time="47.021" errors="0">
  <testcase name="contacts" time="47.021" classname="com.qa.TestNG.com.qa.TestNG.DynamicWebTableHandling"/>
</testsuite> <!-- com.qa.TestNG.com.qa.TestNG.DynamicWebTableHandling -->
